[debug] [2025-02-21T21:14:27.891Z] ----------------------------------------------------------------------
[debug] [2025-02-21T21:14:27.917Z] Command:       /usr/local/bin/node /usr/local/bin/firebase init hosting
[debug] [2025-02-21T21:14:27.918Z] CLI Version:   13.31.2
[debug] [2025-02-21T21:14:27.919Z] Platform:      darwin
[debug] [2025-02-21T21:14:27.919Z] Node Version:  v20.17.0
[debug] [2025-02-21T21:14:27.919Z] Time:          Fri Feb 21 2025 23:14:27 GMT+0200 (South Africa Standard Time)
[debug] [2025-02-21T21:14:27.921Z] ----------------------------------------------------------------------
[debug] 
[debug] [2025-02-21T21:14:27.954Z] > command requires scopes: ["email","openid","https://www.googleapis.com/auth/cloudplatformprojects.readonly","https://www.googleapis.com/auth/firebase","https://www.googleapis.com/auth/cloud-platform"]
[debug] [2025-02-21T21:14:27.955Z] > authorizing via signed-in user (kmngomezulu82@gmail.com)
[info] 
     ######## #### ########  ######## ########     ###     ######  ########
     ##        ##  ##     ## ##       ##     ##  ##   ##  ##       ##
     ######    ##  ########  ######   ########  #########  ######  ######
     ##        ##  ##    ##  ##       ##     ## ##     ##       ## ##
     ##       #### ##     ## ######## ########  ##     ##  ######  ########

You're about to initialize a Firebase project in this directory:

  /Users/nobuhlemahlake/Desktop/TechClockin-Admin

[info] 
=== Project Setup
[info] 
[info] First, let's associate this project directory with a Firebase project.
[info] You can create multiple project aliases by running firebase use --add, 
[info] but for now we'll just set up a default project.
[info] 
[debug] [2025-02-21T21:14:32.591Z] Checked if tokens are valid: false, expires at: 1740172430553
[debug] [2025-02-21T21:14:32.592Z] Checked if tokens are valid: false, expires at: 1740172430553
[debug] [2025-02-21T21:14:32.593Z] > refreshing access token with scopes: []
[debug] [2025-02-21T21:14:32.599Z] >>> [apiv2][query] POST https://www.googleapis.com/oauth2/v3/token [none]
[debug] [2025-02-21T21:14:32.599Z] >>> [apiv2][body] POST https://www.googleapis.com/oauth2/v3/token [omitted]
[debug] [2025-02-21T21:14:33.351Z] <<< [apiv2][status] POST https://www.googleapis.com/oauth2/v3/token 200
[debug] [2025-02-21T21:14:33.352Z] <<< [apiv2][body] POST https://www.googleapis.com/oauth2/v3/token [omitted]
[debug] [2025-02-21T21:14:33.369Z] >>> [apiv2][query] GET https://firebase.googleapis.com/v1beta1/projects pageSize=100
[debug] [2025-02-21T21:14:34.156Z] <<< [apiv2][status] GET https://firebase.googleapis.com/v1beta1/projects 200
[debug] [2025-02-21T21:14:34.156Z] <<< [apiv2][body] GET https://firebase.googleapis.com/v1beta1/projects [omitted]
[info] i  Using project technicianclockinapp (TechnicianClockInApp) 
[info] 
=== Hosting Setup
[debug] [2025-02-21T21:14:36.897Z] Checked if tokens are valid: true, expires at: 1740176072352
[debug] [2025-02-21T21:14:36.899Z] Checked if tokens are valid: true, expires at: 1740176072352
[debug] [2025-02-21T21:14:36.900Z] >>> [apiv2][query] GET https://firebase.googleapis.com/v1beta1/projects/technicianclockinapp [none]
[debug] [2025-02-21T21:14:37.331Z] <<< [apiv2][status] GET https://firebase.googleapis.com/v1beta1/projects/technicianclockinapp 200
[debug] [2025-02-21T21:14:37.331Z] <<< [apiv2][body] GET https://firebase.googleapis.com/v1beta1/projects/technicianclockinapp {"projectId":"technicianclockinapp","projectNumber":"938895818704","displayName":"TechnicianClockInApp","name":"projects/technicianclockinapp","resources":{"hostingSite":"technicianclockinapp","realtimeDatabaseInstance":"technicianclockinapp-default-rtdb"},"state":"ACTIVE","etag":"1_a4375fd2-06bd-422c-9591-2e0397dad0e1"}
[info] 
[info] Your public directory is the folder (relative to your project directory) that
[info] will contain Hosting assets to be uploaded with firebase deploy. If you
[info] have a build process for your assets, use your build's output directory.
[info] 
[debug] [2025-02-21T21:16:56.995Z] >>> [apiv2][query] GET https://www.gstatic.com/firebasejs/releases.json [none]
[debug] [2025-02-21T21:16:57.519Z] <<< [apiv2][status] GET https://www.gstatic.com/firebasejs/releases.json 200
[debug] [2025-02-21T21:16:57.519Z] <<< [apiv2][body] GET https://www.gstatic.com/firebasejs/releases.json {"current":{"version":"11.3.1","browserURL":"https://www.gstatic.com/firebasejs/11.3.1/firebase.js","packageURL":"https://www.gstatic.com/firebasejs/11.3.1/firebase.tgz"},"live":{"version":"11.3","browserURL":"https://www.gstatic.com/firebasejs/live/11.3/firebase.js","packageURL":"https://www.gstatic.com/firebasejs/live/11.3/firebase.tgz"},"components":{"analytics":"https://www.gstatic.com/firebasejs/11.3.1/firebase-analytics.js","app":"https://www.gstatic.com/firebasejs/11.3.1/firebase-app.js","app-check":"https://www.gstatic.com/firebasejs/11.3.1/firebase-app-check.js","auth":"https://www.gstatic.com/firebasejs/11.3.1/firebase-auth.js","auth/cordova":"https://www.gstatic.com/firebasejs/11.3.1/firebase-auth/cordova.js","auth/web-extension":"https://www.gstatic.com/firebasejs/11.3.1/firebase-auth/web-extension.js","functions":"https://www.gstatic.com/firebasejs/11.3.1/firebase-functions.js","firestore":"https://www.gstatic.com/firebasejs/11.3.1/firebase-firestore.js","firestore/lite":"https://www.gstatic.com/firebasejs/11.3.1/firebase-firestore/lite.js","installations":"https://www.gstatic.com/firebasejs/11.3.1/firebase-installations.js","storage":"https://www.gstatic.com/firebasejs/11.3.1/firebase-storage.js","performance":"https://www.gstatic.com/firebasejs/11.3.1/firebase-performance.js","remote-config":"https://www.gstatic.com/firebasejs/11.3.1/firebase-remote-config.js","messaging":"https://www.gstatic.com/firebasejs/11.3.1/firebase-messaging.js","messaging/sw":"https://www.gstatic.com/firebasejs/11.3.1/firebase-messaging/sw.js","database":"https://www.gstatic.com/firebasejs/11.3.1/firebase-database.js","vertexai":"https://www.gstatic.com/firebasejs/11.3.1/firebase-vertexai.js","data-connect":"https://www.gstatic.com/firebasejs/11.3.1/firebase-data-connect.js","firestore.memory":"https://www.gstatic.com/firebasejs/11.3.1/firebase-firestore.memory.js"}}
[info] ✔  Wrote y/index.html 
[info] 
[info] i  Didn't detect a .git folder. Assuming /Users/nobuhlemahlake/Desktop/TechClockin-Admin is the project root. 
[info] i  Authorizing with GitHub to upload your service account to a GitHub repository's secrets store. 
[info] 
[info] Visit this URL on this device to log in:
[info] https://github.com/login/oauth/authorize?client_id=89cf50f02ac6aaed3484&state=903619244&redirect_uri=http%3A%2F%2Flocalhost%3A9005&scope=read%3Auser%20repo%20public_repo
[info] 
[info] Waiting for authentication...
[debug] [2025-02-21T21:16:59.914Z] >>> [apiv2][query] POST https://github.com/login/oauth/access_token [none]
[debug] [2025-02-21T21:16:59.915Z] >>> [apiv2][body] POST https://github.com/login/oauth/access_token [stream]
[debug] [2025-02-21T21:17:00.282Z] <<< [apiv2][status] POST https://github.com/login/oauth/access_token 200
[debug] [2025-02-21T21:17:00.282Z] <<< [apiv2][body] POST https://github.com/login/oauth/access_token {"access_token":"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","token_type":"bearer","scope":"read:user,repo"}
[debug] [2025-02-21T21:17:00.425Z] >>> [apiv2][query] GET https://api.github.com/user [none]
[debug] [2025-02-21T21:17:00.832Z] <<< [apiv2][status] GET https://api.github.com/user 200
[debug] [2025-02-21T21:17:00.832Z] <<< [apiv2][body] GET https://api.github.com/user {"login":"khethomngomz","id":145791224,"node_id":"U_kgDOCLCY-A","avatar_url":"https://avatars.githubusercontent.com/u/145791224?v=4","gravatar_id":"","url":"https://api.github.com/users/khethomngomz","html_url":"https://github.com/khethomngomz","followers_url":"https://api.github.com/users/khethomngomz/followers","following_url":"https://api.github.com/users/khethomngomz/following{/other_user}","gists_url":"https://api.github.com/users/khethomngomz/gists{/gist_id}","starred_url":"https://api.github.com/users/khethomngomz/starred{/owner}{/repo}","subscriptions_url":"https://api.github.com/users/khethomngomz/subscriptions","organizations_url":"https://api.github.com/users/khethomngomz/orgs","repos_url":"https://api.github.com/users/khethomngomz/repos","events_url":"https://api.github.com/users/khethomngomz/events{/privacy}","received_events_url":"https://api.github.com/users/khethomngomz/received_events","type":"User","user_view_type":"private","site_admin":false,"name":"Khetho Kode Kompanion ","company":null,"blog":"","location":null,"email":null,"hireable":null,"bio":"01010110","twitter_username":null,"notification_email":null,"public_repos":15,"public_gists":0,"followers":1,"following":4,"created_at":"2023-09-22T15:56:25Z","updated_at":"2025-01-24T01:48:05Z","private_gists":0,"total_private_repos":12,"owned_private_repos":12,"disk_usage":218841,"collaborators":1,"two_factor_authentication":false,"plan":{"name":"free","space":976562499,"collaborators":0,"private_repos":10000}}
[info] 
[info] ✔  Success! Logged into GitHub as khethomngomz 
[info] 
